[kbplacer_plugin_action.py:65]: Plugin version: 0.12
[kbplacer_plugin_action.py:66]: Python version: '3.9.13 (v3.9.13:6de2ca5339, May 17 2022, 11:37:23) \n[Clang 13.0.0 (clang-1300.0.29.30)]'
[kbplacer_plugin_action.py:67]: KiCad version: 8.0.8 with 4.2.2a1 osx-cocoa (phoenix) wxWidgets 3.2.6
[kbplacer_dialog.py:585]: Language: en
[kbplacer_plugin_action.py:75]: GUI state: {"layout_path": "/Users/konsumer/Desktop/dev/mechmidi1/keyboard-layout.json", "key_distance": [19.05, 19.05], "key_info": {"annotation_format": "S{}", "position_option": "Default", "position": {"x": 0.0, "y": 0.0, "orientation": 0.0, "side": "Front"}, "template_path": ""}, "enable_diode_placement": true, "route_switches_with_diodes": true, "optimize_diodes_orientation": true, "diode_info": {"annotation_format": "D{}", "position_option": "Custom", "position": {"x": 9.5, "y": 0.0, "orientation": 90.0, "side": "Front"}, "template_path": ""}, "additional_elements": [{"annotation_format": "LED{}", "position_option": "Custom", "position": {"x": 0.0, "y": 5.0, "orientation": 0.0, "side": "Front"}, "template_path": ""}], "route_rows_and_columns": true, "template_path": "", "generate_outline": false, "outline_delta": 0.0}
[key_placer.py:361]: Set key 1U distance: 19050000/19050000
[key_placer.py:123]: Switches by nets: defaultdict(<class 'list'>, {frozenset({'KC0', 'KR1'}): ['S5'], frozenset({'KC2', 'KR4'}): ['S19'], frozenset({'KC2', 'KR1'}): ['S7'], frozenset({'KC2', 'KR3'}): ['S15'], frozenset({'KR0', 'KC3'}): ['S4'], frozenset({'KC1', 'KR1'}): ['S6'], frozenset({'KC1', 'KR0'}): ['S2'], frozenset({'KC0', 'KR4'}): ['S17'], frozenset({'KR2', 'KC1'}): ['S10'], frozenset({'KR1', 'KC3'}): ['S8'], frozenset({'KC3', 'KR4'}): ['S20'], frozenset({'KR2', 'KC3'}): ['S12'], frozenset({'KC0', 'KR0'}): ['S1'], frozenset({'KR2', 'KC0'}): ['S9'], frozenset({'KR3', 'KC0'}): ['S13'], frozenset({'KR2', 'KC2'}): ['S11'], frozenset({'KC2', 'KR0'}): ['S3'], frozenset({'KR3', 'KC3'}): ['S16'], frozenset({'KC1', 'KR4'}): ['S18'], frozenset({'KC1', 'KR3'}): ['S14']})
[key_placer.py:127]: Diodes by switch: {'S12': ['D12'], 'S7': ['D7'], 'S20': ['D20'], 'S10': ['D10'], 'S3': ['D3'], 'S17': ['D17'], 'S14': ['D14'], 'S6': ['D6'], 'S15': ['D15'], 'S9': ['D9'], 'S18': ['D18'], 'S1': ['D1'], 'S5': ['D5'], 'S13': ['D13'], 'S11': ['D11'], 'S16': ['D16'], 'S2': ['D2'], 'S19': ['D19'], 'S8': ['D8'], 'S4': ['D4']}
[kle_serial.py:897]: User layout: [[{'a': 7}, '0', '1', '2', '3'], ['4', '5', '6', '7'], ['8', '9', 'A', 'B'], ['C', 'D', 'E', 'F'], ['▶', 'P', 'S', '☰']]
[key_placer.py:661]: Layout offset: (28575000, 28575000)
[board_modifier.py:85]: Setting S1 footprint position: (38100000, 38100000)
[board_modifier.py:85]: Setting S2 footprint position: (57150000, 38100000)
[board_modifier.py:85]: Setting S3 footprint position: (76200000, 38100000)
[board_modifier.py:85]: Setting S4 footprint position: (95250000, 38100000)
[board_modifier.py:85]: Setting S5 footprint position: (38100000, 57150000)
[board_modifier.py:85]: Setting S6 footprint position: (57150000, 57150000)
[board_modifier.py:85]: Setting S7 footprint position: (76200000, 57150000)
[board_modifier.py:85]: Setting S8 footprint position: (95250000, 57150000)
[board_modifier.py:85]: Setting S9 footprint position: (38100000, 76200000)
[board_modifier.py:85]: Setting S10 footprint position: (57150000, 76200000)
[board_modifier.py:85]: Setting S11 footprint position: (76200000, 76200000)
[board_modifier.py:85]: Setting S12 footprint position: (95250000, 76200000)
[board_modifier.py:85]: Setting S13 footprint position: (38100000, 95250000)
[board_modifier.py:85]: Setting S14 footprint position: (57150000, 95250000)
[board_modifier.py:85]: Setting S15 footprint position: (76200000, 95250000)
[board_modifier.py:85]: Setting S16 footprint position: (95250000, 95250000)
[board_modifier.py:85]: Setting S17 footprint position: (38100000, 114300000)
[board_modifier.py:85]: Setting S18 footprint position: (57150000, 114300000)
[board_modifier.py:85]: Setting S19 footprint position: (76200000, 114300000)
[board_modifier.py:85]: Setting S20 footprint position: (95250000, 114300000)
[key_placer.py:996]: Diode info: [ElementInfo(annotation_format='D{}', position_option=<PositionOption.CUSTOM: 'Custom'>, position=ElementPosition(x=9.5, y=0.0, orientation=90.0, side=<Side.FRONT: 'Front'>), template_path='')]
[board_modifier.py:98]: Getting S1 footprint position: (38100000, 38100000)
[board_modifier.py:85]: Setting D1 footprint position: (47600000, 38100000)
[board_modifier.py:98]: Getting S2 footprint position: (57150000, 38100000)
[board_modifier.py:85]: Setting D2 footprint position: (66650000, 38100000)
[board_modifier.py:98]: Getting S3 footprint position: (76200000, 38100000)
[board_modifier.py:85]: Setting D3 footprint position: (85700000, 38100000)
[board_modifier.py:98]: Getting S4 footprint position: (95250000, 38100000)
[board_modifier.py:85]: Setting D4 footprint position: (104750000, 38100000)
[board_modifier.py:98]: Getting S5 footprint position: (38100000, 57150000)
[board_modifier.py:85]: Setting D5 footprint position: (47600000, 57150000)
[board_modifier.py:98]: Getting S6 footprint position: (57150000, 57150000)
[board_modifier.py:85]: Setting D6 footprint position: (66650000, 57150000)
[board_modifier.py:98]: Getting S7 footprint position: (76200000, 57150000)
[board_modifier.py:85]: Setting D7 footprint position: (85700000, 57150000)
[board_modifier.py:98]: Getting S8 footprint position: (95250000, 57150000)
[board_modifier.py:85]: Setting D8 footprint position: (104750000, 57150000)
[board_modifier.py:98]: Getting S9 footprint position: (38100000, 76200000)
[board_modifier.py:85]: Setting D9 footprint position: (47600000, 76200000)
[board_modifier.py:98]: Getting S10 footprint position: (57150000, 76200000)
[board_modifier.py:85]: Setting D10 footprint position: (66650000, 76200000)
[board_modifier.py:98]: Getting S11 footprint position: (76200000, 76200000)
[board_modifier.py:85]: Setting D11 footprint position: (85700000, 76200000)
[board_modifier.py:98]: Getting S12 footprint position: (95250000, 76200000)
[board_modifier.py:85]: Setting D12 footprint position: (104750000, 76200000)
[board_modifier.py:98]: Getting S13 footprint position: (38100000, 95250000)
[board_modifier.py:85]: Setting D13 footprint position: (47600000, 95250000)
[board_modifier.py:98]: Getting S14 footprint position: (57150000, 95250000)
[board_modifier.py:85]: Setting D14 footprint position: (66650000, 95250000)
[board_modifier.py:98]: Getting S15 footprint position: (76200000, 95250000)
[board_modifier.py:85]: Setting D15 footprint position: (85700000, 95250000)
[board_modifier.py:98]: Getting S16 footprint position: (95250000, 95250000)
[board_modifier.py:85]: Setting D16 footprint position: (104750000, 95250000)
[board_modifier.py:98]: Getting S17 footprint position: (38100000, 114300000)
[board_modifier.py:85]: Setting D17 footprint position: (47600000, 114300000)
[board_modifier.py:98]: Getting S18 footprint position: (57150000, 114300000)
[board_modifier.py:85]: Setting D18 footprint position: (66650000, 114300000)
[board_modifier.py:98]: Getting S19 footprint position: (76200000, 114300000)
[board_modifier.py:85]: Setting D19 footprint position: (85700000, 114300000)
[board_modifier.py:98]: Getting S20 footprint position: (95250000, 114300000)
[board_modifier.py:85]: Setting D20 footprint position: (104750000, 114300000)
[key_placer.py:746]: Optimizing orientation of S1 diodes
[board_modifier.py:98]: Getting D1 footprint position: (47600000, 38100000)
[key_placer.py:746]: Optimizing orientation of S2 diodes
[board_modifier.py:98]: Getting D2 footprint position: (66650000, 38100000)
[key_placer.py:746]: Optimizing orientation of S3 diodes
[board_modifier.py:98]: Getting D3 footprint position: (85700000, 38100000)
[key_placer.py:746]: Optimizing orientation of S4 diodes
[board_modifier.py:98]: Getting D4 footprint position: (104750000, 38100000)
[key_placer.py:746]: Optimizing orientation of S5 diodes
[board_modifier.py:98]: Getting D5 footprint position: (47600000, 57150000)
[key_placer.py:746]: Optimizing orientation of S6 diodes
[board_modifier.py:98]: Getting D6 footprint position: (66650000, 57150000)
[key_placer.py:746]: Optimizing orientation of S7 diodes
[board_modifier.py:98]: Getting D7 footprint position: (85700000, 57150000)
[key_placer.py:746]: Optimizing orientation of S8 diodes
[board_modifier.py:98]: Getting D8 footprint position: (104750000, 57150000)
[key_placer.py:746]: Optimizing orientation of S9 diodes
[board_modifier.py:98]: Getting D9 footprint position: (47600000, 76200000)
[key_placer.py:746]: Optimizing orientation of S10 diodes
[board_modifier.py:98]: Getting D10 footprint position: (66650000, 76200000)
[key_placer.py:746]: Optimizing orientation of S11 diodes
[board_modifier.py:98]: Getting D11 footprint position: (85700000, 76200000)
[key_placer.py:746]: Optimizing orientation of S12 diodes
[board_modifier.py:98]: Getting D12 footprint position: (104750000, 76200000)
[key_placer.py:746]: Optimizing orientation of S13 diodes
[board_modifier.py:98]: Getting D13 footprint position: (47600000, 95250000)
[key_placer.py:746]: Optimizing orientation of S14 diodes
[board_modifier.py:98]: Getting D14 footprint position: (66650000, 95250000)
[key_placer.py:746]: Optimizing orientation of S15 diodes
[board_modifier.py:98]: Getting D15 footprint position: (85700000, 95250000)
[key_placer.py:746]: Optimizing orientation of S16 diodes
[board_modifier.py:98]: Getting D16 footprint position: (104750000, 95250000)
[key_placer.py:746]: Optimizing orientation of S17 diodes
[board_modifier.py:98]: Getting D17 footprint position: (47600000, 114300000)
[key_placer.py:746]: Optimizing orientation of S18 diodes
[board_modifier.py:98]: Getting D18 footprint position: (66650000, 114300000)
[key_placer.py:746]: Optimizing orientation of S19 diodes
[board_modifier.py:98]: Getting D19 footprint position: (85700000, 114300000)
[key_placer.py:746]: Optimizing orientation of S20 diodes
[board_modifier.py:98]: Getting D20 footprint position: (104750000, 114300000)
[key_placer.py:774]: Placing additional elements for S5
[board_modifier.py:98]: Getting S5 footprint position: (38100000, 57150000)
[board_modifier.py:75]: Searching for optional LED5 footprint in /Users/konsumer/Desktop/dev/mechmidi1/kicad/mechmidi1.kicad_pcb
[board_modifier.py:85]: Setting LED5 footprint position: (38100000, 62150000)
[key_placer.py:774]: Placing additional elements for S19
[board_modifier.py:98]: Getting S19 footprint position: (76200000, 114300000)
[board_modifier.py:75]: Searching for optional LED19 footprint in /Users/konsumer/Desktop/dev/mechmidi1/kicad/mechmidi1.kicad_pcb
[board_modifier.py:85]: Setting LED19 footprint position: (76200000, 119300000)
[key_placer.py:774]: Placing additional elements for S7
[board_modifier.py:98]: Getting S7 footprint position: (76200000, 57150000)
[board_modifier.py:75]: Searching for optional LED7 footprint in /Users/konsumer/Desktop/dev/mechmidi1/kicad/mechmidi1.kicad_pcb
[board_modifier.py:85]: Setting LED7 footprint position: (76200000, 62150000)
[key_placer.py:774]: Placing additional elements for S15
[board_modifier.py:98]: Getting S15 footprint position: (76200000, 95250000)
[board_modifier.py:75]: Searching for optional LED15 footprint in /Users/konsumer/Desktop/dev/mechmidi1/kicad/mechmidi1.kicad_pcb
[board_modifier.py:85]: Setting LED15 footprint position: (76200000, 100250000)
[key_placer.py:774]: Placing additional elements for S4
[board_modifier.py:98]: Getting S4 footprint position: (95250000, 38100000)
[board_modifier.py:75]: Searching for optional LED4 footprint in /Users/konsumer/Desktop/dev/mechmidi1/kicad/mechmidi1.kicad_pcb
[board_modifier.py:85]: Setting LED4 footprint position: (95250000, 43100000)
[key_placer.py:774]: Placing additional elements for S6
[board_modifier.py:98]: Getting S6 footprint position: (57150000, 57150000)
[board_modifier.py:75]: Searching for optional LED6 footprint in /Users/konsumer/Desktop/dev/mechmidi1/kicad/mechmidi1.kicad_pcb
[board_modifier.py:85]: Setting LED6 footprint position: (57150000, 62150000)
[key_placer.py:774]: Placing additional elements for S2
[board_modifier.py:98]: Getting S2 footprint position: (57150000, 38100000)
[board_modifier.py:75]: Searching for optional LED2 footprint in /Users/konsumer/Desktop/dev/mechmidi1/kicad/mechmidi1.kicad_pcb
[board_modifier.py:85]: Setting LED2 footprint position: (57150000, 43100000)
[key_placer.py:774]: Placing additional elements for S17
[board_modifier.py:98]: Getting S17 footprint position: (38100000, 114300000)
[board_modifier.py:75]: Searching for optional LED17 footprint in /Users/konsumer/Desktop/dev/mechmidi1/kicad/mechmidi1.kicad_pcb
[board_modifier.py:85]: Setting LED17 footprint position: (38100000, 119300000)
[key_placer.py:774]: Placing additional elements for S10
[board_modifier.py:98]: Getting S10 footprint position: (57150000, 76200000)
[board_modifier.py:75]: Searching for optional LED10 footprint in /Users/konsumer/Desktop/dev/mechmidi1/kicad/mechmidi1.kicad_pcb
[board_modifier.py:85]: Setting LED10 footprint position: (57150000, 81200000)
[key_placer.py:774]: Placing additional elements for S8
[board_modifier.py:98]: Getting S8 footprint position: (95250000, 57150000)
[board_modifier.py:75]: Searching for optional LED8 footprint in /Users/konsumer/Desktop/dev/mechmidi1/kicad/mechmidi1.kicad_pcb
[board_modifier.py:85]: Setting LED8 footprint position: (95250000, 62150000)
[key_placer.py:774]: Placing additional elements for S20
[board_modifier.py:98]: Getting S20 footprint position: (95250000, 114300000)
[board_modifier.py:75]: Searching for optional LED20 footprint in /Users/konsumer/Desktop/dev/mechmidi1/kicad/mechmidi1.kicad_pcb
[board_modifier.py:85]: Setting LED20 footprint position: (95250000, 119300000)
[key_placer.py:774]: Placing additional elements for S12
[board_modifier.py:98]: Getting S12 footprint position: (95250000, 76200000)
[board_modifier.py:75]: Searching for optional LED12 footprint in /Users/konsumer/Desktop/dev/mechmidi1/kicad/mechmidi1.kicad_pcb
[board_modifier.py:85]: Setting LED12 footprint position: (95250000, 81200000)
[key_placer.py:774]: Placing additional elements for S1
[board_modifier.py:98]: Getting S1 footprint position: (38100000, 38100000)
[board_modifier.py:75]: Searching for optional LED1 footprint in /Users/konsumer/Desktop/dev/mechmidi1/kicad/mechmidi1.kicad_pcb
[board_modifier.py:85]: Setting LED1 footprint position: (38100000, 43100000)
[key_placer.py:774]: Placing additional elements for S9
[board_modifier.py:98]: Getting S9 footprint position: (38100000, 76200000)
[board_modifier.py:75]: Searching for optional LED9 footprint in /Users/konsumer/Desktop/dev/mechmidi1/kicad/mechmidi1.kicad_pcb
[board_modifier.py:85]: Setting LED9 footprint position: (38100000, 81200000)
[key_placer.py:774]: Placing additional elements for S13
[board_modifier.py:98]: Getting S13 footprint position: (38100000, 95250000)
[board_modifier.py:75]: Searching for optional LED13 footprint in /Users/konsumer/Desktop/dev/mechmidi1/kicad/mechmidi1.kicad_pcb
[board_modifier.py:85]: Setting LED13 footprint position: (38100000, 100250000)
[key_placer.py:774]: Placing additional elements for S11
[board_modifier.py:98]: Getting S11 footprint position: (76200000, 76200000)
[board_modifier.py:75]: Searching for optional LED11 footprint in /Users/konsumer/Desktop/dev/mechmidi1/kicad/mechmidi1.kicad_pcb
[board_modifier.py:85]: Setting LED11 footprint position: (76200000, 81200000)
[key_placer.py:774]: Placing additional elements for S3
[board_modifier.py:98]: Getting S3 footprint position: (76200000, 38100000)
[board_modifier.py:75]: Searching for optional LED3 footprint in /Users/konsumer/Desktop/dev/mechmidi1/kicad/mechmidi1.kicad_pcb
[board_modifier.py:85]: Setting LED3 footprint position: (76200000, 43100000)
[key_placer.py:774]: Placing additional elements for S16
[board_modifier.py:98]: Getting S16 footprint position: (95250000, 95250000)
[board_modifier.py:75]: Searching for optional LED16 footprint in /Users/konsumer/Desktop/dev/mechmidi1/kicad/mechmidi1.kicad_pcb
[board_modifier.py:85]: Setting LED16 footprint position: (95250000, 100250000)
[key_placer.py:774]: Placing additional elements for S18
[board_modifier.py:98]: Getting S18 footprint position: (57150000, 114300000)
[board_modifier.py:75]: Searching for optional LED18 footprint in /Users/konsumer/Desktop/dev/mechmidi1/kicad/mechmidi1.kicad_pcb
[board_modifier.py:85]: Setting LED18 footprint position: (57150000, 119300000)
[key_placer.py:774]: Placing additional elements for S14
[board_modifier.py:98]: Getting S14 footprint position: (57150000, 95250000)
[board_modifier.py:75]: Searching for optional LED14 footprint in /Users/konsumer/Desktop/dev/mechmidi1/kicad/mechmidi1.kicad_pcb
[board_modifier.py:85]: Setting LED14 footprint position: (57150000, 100250000)
[key_placer.py:423]: Routing S5 with D5
[key_placer.py:425]: Using internal autorouter method
[board_modifier.py:522]: Routing at F.Cu layer
[board_modifier.py:539]: Netclass: Default, track width: 200000
[board_modifier.py:601]: Routing pad 'S5:2' at (40640000, 52070000) with pad 'D5:2' at (47600000, 55500000) using coordinate system rotated by 0 degree(s)
[board_modifier.py:445]: Adding track segment (F.Cu): [(40640000, 52070000), (44170000, 52070000)]
[board_modifier.py:450]: Track added
[board_modifier.py:445]: Adding track segment (F.Cu): [(44170000, 52070000), (47600000, 55500000)]
[board_modifier.py:450]: Track added
[key_placer.py:423]: Routing S19 with D19
[key_placer.py:425]: Using internal autorouter method
[board_modifier.py:522]: Routing at F.Cu layer
[board_modifier.py:539]: Netclass: Default, track width: 200000
[board_modifier.py:601]: Routing pad 'S19:2' at (78740000, 109220000) with pad 'D19:2' at (85700000, 112650000) using coordinate system rotated by 0 degree(s)
[board_modifier.py:445]: Adding track segment (F.Cu): [(78740000, 109220000), (82270000, 109220000)]
[board_modifier.py:450]: Track added
[board_modifier.py:445]: Adding track segment (F.Cu): [(82270000, 109220000), (85700000, 112650000)]
[board_modifier.py:450]: Track added
[key_placer.py:423]: Routing S7 with D7
[key_placer.py:425]: Using internal autorouter method
[board_modifier.py:522]: Routing at F.Cu layer
[board_modifier.py:539]: Netclass: Default, track width: 200000
[board_modifier.py:601]: Routing pad 'S7:2' at (78740000, 52070000) with pad 'D7:2' at (85700000, 55500000) using coordinate system rotated by 0 degree(s)
[board_modifier.py:445]: Adding track segment (F.Cu): [(78740000, 52070000), (82270000, 52070000)]
[board_modifier.py:450]: Track added
[board_modifier.py:445]: Adding track segment (F.Cu): [(82270000, 52070000), (85700000, 55500000)]
[board_modifier.py:450]: Track added
[key_placer.py:423]: Routing S15 with D15
[key_placer.py:425]: Using internal autorouter method
[board_modifier.py:522]: Routing at F.Cu layer
[board_modifier.py:539]: Netclass: Default, track width: 200000
[board_modifier.py:601]: Routing pad 'S15:2' at (78740000, 90170000) with pad 'D15:2' at (85700000, 93600000) using coordinate system rotated by 0 degree(s)
[board_modifier.py:445]: Adding track segment (F.Cu): [(78740000, 90170000), (82270000, 90170000)]
[board_modifier.py:450]: Track added
[board_modifier.py:445]: Adding track segment (F.Cu): [(82270000, 90170000), (85700000, 93600000)]
[board_modifier.py:450]: Track added
[key_placer.py:423]: Routing S4 with D4
[key_placer.py:425]: Using internal autorouter method
[board_modifier.py:522]: Routing at F.Cu layer
[board_modifier.py:539]: Netclass: Default, track width: 200000
[board_modifier.py:601]: Routing pad 'S4:2' at (97790000, 33020000) with pad 'D4:2' at (104750000, 36450000) using coordinate system rotated by 0 degree(s)
[board_modifier.py:445]: Adding track segment (F.Cu): [(97790000, 33020000), (101320000, 33020000)]
[board_modifier.py:450]: Track added
[board_modifier.py:445]: Adding track segment (F.Cu): [(101320000, 33020000), (104750000, 36450000)]
[board_modifier.py:450]: Track added
[key_placer.py:423]: Routing S6 with D6
[key_placer.py:425]: Using internal autorouter method
[board_modifier.py:522]: Routing at F.Cu layer
[board_modifier.py:539]: Netclass: Default, track width: 200000
[board_modifier.py:601]: Routing pad 'S6:2' at (59690000, 52070000) with pad 'D6:2' at (66650000, 55500000) using coordinate system rotated by 0 degree(s)
[board_modifier.py:445]: Adding track segment (F.Cu): [(59690000, 52070000), (63220000, 52070000)]
[board_modifier.py:450]: Track added
[board_modifier.py:445]: Adding track segment (F.Cu): [(63220000, 52070000), (66650000, 55500000)]
[board_modifier.py:450]: Track added
[key_placer.py:423]: Routing S2 with D2
[key_placer.py:425]: Using internal autorouter method
[board_modifier.py:522]: Routing at F.Cu layer
[board_modifier.py:539]: Netclass: Default, track width: 200000
[board_modifier.py:601]: Routing pad 'S2:2' at (59690000, 33020000) with pad 'D2:2' at (66650000, 36450000) using coordinate system rotated by 0 degree(s)
[board_modifier.py:445]: Adding track segment (F.Cu): [(59690000, 33020000), (63220000, 33020000)]
[board_modifier.py:450]: Track added
[board_modifier.py:445]: Adding track segment (F.Cu): [(63220000, 33020000), (66650000, 36450000)]
[board_modifier.py:450]: Track added
[key_placer.py:423]: Routing S17 with D17
[key_placer.py:425]: Using internal autorouter method
[board_modifier.py:522]: Routing at F.Cu layer
[board_modifier.py:539]: Netclass: Default, track width: 200000
[board_modifier.py:601]: Routing pad 'S17:2' at (40640000, 109220000) with pad 'D17:2' at (47600000, 112650000) using coordinate system rotated by 0 degree(s)
[board_modifier.py:445]: Adding track segment (F.Cu): [(40640000, 109220000), (44170000, 109220000)]
[board_modifier.py:450]: Track added
[board_modifier.py:445]: Adding track segment (F.Cu): [(44170000, 109220000), (47600000, 112650000)]
[board_modifier.py:450]: Track added
[key_placer.py:423]: Routing S10 with D10
[key_placer.py:425]: Using internal autorouter method
[board_modifier.py:522]: Routing at F.Cu layer
[board_modifier.py:539]: Netclass: Default, track width: 200000
[board_modifier.py:601]: Routing pad 'S10:2' at (59690000, 71120000) with pad 'D10:2' at (66650000, 74550000) using coordinate system rotated by 0 degree(s)
[board_modifier.py:445]: Adding track segment (F.Cu): [(59690000, 71120000), (63220000, 71120000)]
[board_modifier.py:450]: Track added
[board_modifier.py:445]: Adding track segment (F.Cu): [(63220000, 71120000), (66650000, 74550000)]
[board_modifier.py:450]: Track added
[key_placer.py:423]: Routing S8 with D8
[key_placer.py:425]: Using internal autorouter method
[board_modifier.py:522]: Routing at F.Cu layer
[board_modifier.py:539]: Netclass: Default, track width: 200000
[board_modifier.py:601]: Routing pad 'S8:2' at (97790000, 52070000) with pad 'D8:2' at (104750000, 55500000) using coordinate system rotated by 0 degree(s)
[board_modifier.py:445]: Adding track segment (F.Cu): [(97790000, 52070000), (101320000, 52070000)]
[board_modifier.py:450]: Track added
[board_modifier.py:445]: Adding track segment (F.Cu): [(101320000, 52070000), (104750000, 55500000)]
[board_modifier.py:450]: Track added
[key_placer.py:423]: Routing S20 with D20
[key_placer.py:425]: Using internal autorouter method
[board_modifier.py:522]: Routing at F.Cu layer
[board_modifier.py:539]: Netclass: Default, track width: 200000
[board_modifier.py:601]: Routing pad 'S20:2' at (97790000, 109220000) with pad 'D20:2' at (104750000, 112650000) using coordinate system rotated by 0 degree(s)
[board_modifier.py:445]: Adding track segment (F.Cu): [(97790000, 109220000), (101320000, 109220000)]
[board_modifier.py:450]: Track added
[board_modifier.py:445]: Adding track segment (F.Cu): [(101320000, 109220000), (104750000, 112650000)]
[board_modifier.py:450]: Track added
[key_placer.py:423]: Routing S12 with D12
[key_placer.py:425]: Using internal autorouter method
[board_modifier.py:522]: Routing at F.Cu layer
[board_modifier.py:539]: Netclass: Default, track width: 200000
[board_modifier.py:601]: Routing pad 'S12:2' at (97790000, 71120000) with pad 'D12:2' at (104750000, 74550000) using coordinate system rotated by 0 degree(s)
[board_modifier.py:445]: Adding track segment (F.Cu): [(97790000, 71120000), (101320000, 71120000)]
[board_modifier.py:450]: Track added
[board_modifier.py:445]: Adding track segment (F.Cu): [(101320000, 71120000), (104750000, 74550000)]
[board_modifier.py:450]: Track added
[key_placer.py:423]: Routing S1 with D1
[key_placer.py:425]: Using internal autorouter method
[board_modifier.py:522]: Routing at F.Cu layer
[board_modifier.py:539]: Netclass: Default, track width: 200000
[board_modifier.py:601]: Routing pad 'S1:2' at (40640000, 33020000) with pad 'D1:2' at (47600000, 36450000) using coordinate system rotated by 0 degree(s)
[board_modifier.py:445]: Adding track segment (F.Cu): [(40640000, 33020000), (44170000, 33020000)]
[board_modifier.py:450]: Track added
[board_modifier.py:445]: Adding track segment (F.Cu): [(44170000, 33020000), (47600000, 36450000)]
[board_modifier.py:450]: Track added
[key_placer.py:423]: Routing S9 with D9
[key_placer.py:425]: Using internal autorouter method
[board_modifier.py:522]: Routing at F.Cu layer
[board_modifier.py:539]: Netclass: Default, track width: 200000
[board_modifier.py:601]: Routing pad 'S9:2' at (40640000, 71120000) with pad 'D9:2' at (47600000, 74550000) using coordinate system rotated by 0 degree(s)
[board_modifier.py:445]: Adding track segment (F.Cu): [(40640000, 71120000), (44170000, 71120000)]
[board_modifier.py:450]: Track added
[board_modifier.py:445]: Adding track segment (F.Cu): [(44170000, 71120000), (47600000, 74550000)]
[board_modifier.py:450]: Track added
[key_placer.py:423]: Routing S13 with D13
[key_placer.py:425]: Using internal autorouter method
[board_modifier.py:522]: Routing at F.Cu layer
[board_modifier.py:539]: Netclass: Default, track width: 200000
[board_modifier.py:601]: Routing pad 'S13:2' at (40640000, 90170000) with pad 'D13:2' at (47600000, 93600000) using coordinate system rotated by 0 degree(s)
[board_modifier.py:445]: Adding track segment (F.Cu): [(40640000, 90170000), (44170000, 90170000)]
[board_modifier.py:450]: Track added
[board_modifier.py:445]: Adding track segment (F.Cu): [(44170000, 90170000), (47600000, 93600000)]
[board_modifier.py:450]: Track added
[key_placer.py:423]: Routing S11 with D11
[key_placer.py:425]: Using internal autorouter method
[board_modifier.py:522]: Routing at F.Cu layer
[board_modifier.py:539]: Netclass: Default, track width: 200000
[board_modifier.py:601]: Routing pad 'S11:2' at (78740000, 71120000) with pad 'D11:2' at (85700000, 74550000) using coordinate system rotated by 0 degree(s)
[board_modifier.py:445]: Adding track segment (F.Cu): [(78740000, 71120000), (82270000, 71120000)]
[board_modifier.py:450]: Track added
[board_modifier.py:445]: Adding track segment (F.Cu): [(82270000, 71120000), (85700000, 74550000)]
[board_modifier.py:450]: Track added
[key_placer.py:423]: Routing S3 with D3
[key_placer.py:425]: Using internal autorouter method
[board_modifier.py:522]: Routing at F.Cu layer
[board_modifier.py:539]: Netclass: Default, track width: 200000
[board_modifier.py:601]: Routing pad 'S3:2' at (78740000, 33020000) with pad 'D3:2' at (85700000, 36450000) using coordinate system rotated by 0 degree(s)
[board_modifier.py:445]: Adding track segment (F.Cu): [(78740000, 33020000), (82270000, 33020000)]
[board_modifier.py:450]: Track added
[board_modifier.py:445]: Adding track segment (F.Cu): [(82270000, 33020000), (85700000, 36450000)]
[board_modifier.py:450]: Track added
[key_placer.py:423]: Routing S16 with D16
[key_placer.py:425]: Using internal autorouter method
[board_modifier.py:522]: Routing at F.Cu layer
[board_modifier.py:539]: Netclass: Default, track width: 200000
[board_modifier.py:601]: Routing pad 'S16:2' at (97790000, 90170000) with pad 'D16:2' at (104750000, 93600000) using coordinate system rotated by 0 degree(s)
[board_modifier.py:445]: Adding track segment (F.Cu): [(97790000, 90170000), (101320000, 90170000)]
[board_modifier.py:450]: Track added
[board_modifier.py:445]: Adding track segment (F.Cu): [(101320000, 90170000), (104750000, 93600000)]
[board_modifier.py:450]: Track added
[key_placer.py:423]: Routing S18 with D18
[key_placer.py:425]: Using internal autorouter method
[board_modifier.py:522]: Routing at F.Cu layer
[board_modifier.py:539]: Netclass: Default, track width: 200000
[board_modifier.py:601]: Routing pad 'S18:2' at (59690000, 109220000) with pad 'D18:2' at (66650000, 112650000) using coordinate system rotated by 0 degree(s)
[board_modifier.py:445]: Adding track segment (F.Cu): [(59690000, 109220000), (63220000, 109220000)]
[board_modifier.py:450]: Track added
[board_modifier.py:445]: Adding track segment (F.Cu): [(63220000, 109220000), (66650000, 112650000)]
[board_modifier.py:450]: Track added
[key_placer.py:423]: Routing S14 with D14
[key_placer.py:425]: Using internal autorouter method
[board_modifier.py:522]: Routing at F.Cu layer
[board_modifier.py:539]: Netclass: Default, track width: 200000
[board_modifier.py:601]: Routing pad 'S14:2' at (59690000, 90170000) with pad 'D14:2' at (66650000, 93600000) using coordinate system rotated by 0 degree(s)
[board_modifier.py:445]: Adding track segment (F.Cu): [(59690000, 90170000), (63220000, 90170000)]
[board_modifier.py:450]: Track added
[board_modifier.py:445]: Adding track segment (F.Cu): [(63220000, 90170000), (66650000, 93600000)]
[board_modifier.py:450]: Track added
[key_placer.py:819]: Routing KC3 pads
[board_modifier.py:522]: Routing at F.Cu layer
[board_modifier.py:539]: Netclass: Default, track width: 200000
[board_modifier.py:601]: Routing pad 'S4:1' at (91440000, 35560000) with pad 'S8:1' at (91440000, 54610000) using coordinate system rotated by 0 degree(s)
[board_modifier.py:445]: Adding track segment (F.Cu): [(91440000, 35560000), (91440000, 54610000)]
[board_modifier.py:450]: Track added
[board_modifier.py:522]: Routing at F.Cu layer
[board_modifier.py:539]: Netclass: Default, track width: 200000
[board_modifier.py:601]: Routing pad 'S8:1' at (91440000, 54610000) with pad 'S12:1' at (91440000, 73660000) using coordinate system rotated by 0 degree(s)
[board_modifier.py:445]: Adding track segment (F.Cu): [(91440000, 54610000), (91440000, 73660000)]
[board_modifier.py:450]: Track added
[board_modifier.py:522]: Routing at F.Cu layer
[board_modifier.py:539]: Netclass: Default, track width: 200000
[board_modifier.py:601]: Routing pad 'S12:1' at (91440000, 73660000) with pad 'S16:1' at (91440000, 92710000) using coordinate system rotated by 0 degree(s)
[board_modifier.py:445]: Adding track segment (F.Cu): [(91440000, 73660000), (91440000, 92710000)]
[board_modifier.py:450]: Track added
[board_modifier.py:522]: Routing at F.Cu layer
[board_modifier.py:539]: Netclass: Default, track width: 200000
[board_modifier.py:601]: Routing pad 'S16:1' at (91440000, 92710000) with pad 'S20:1' at (91440000, 111760000) using coordinate system rotated by 0 degree(s)
[board_modifier.py:445]: Adding track segment (F.Cu): [(91440000, 92710000), (91440000, 111760000)]
[board_modifier.py:450]: Track added
[board_modifier.py:522]: Routing at F.Cu layer
[board_modifier.py:539]: Netclass: Default, track width: 200000
[board_modifier.py:601]: Routing pad 'S8:1' at (91440000, 54610000) with pad 'J5:4' at (115000000, 48620000) using coordinate system rotated by 0 degree(s)
[board_modifier.py:445]: Adding track segment (F.Cu): [(91440000, 54610000), (109010000, 54610000)]
[board_modifier.py:455]: Could not add track segment due to detected collision
[board_modifier.py:445]: Adding track segment (F.Cu): [(91440000, 54610000), (97430000, 48620000)]
[board_modifier.py:450]: Track added
[board_modifier.py:445]: Adding track segment (F.Cu): [(97430000, 48620000), (115000000, 48620000)]
[board_modifier.py:450]: Track added
[key_placer.py:819]: Routing KR2 pads
[board_modifier.py:522]: Routing at F.Cu layer
[board_modifier.py:539]: Netclass: Default, track width: 200000
[board_modifier.py:601]: Routing pad 'D9:1' at (47600000, 77850000) with pad 'D10:1' at (66650000, 77850000) using coordinate system rotated by 0 degree(s)
[board_modifier.py:445]: Adding track segment (F.Cu): [(47600000, 77850000), (66650000, 77850000)]
[board_modifier.py:455]: Could not add track segment due to detected collision
[board_modifier.py:522]: Routing at F.Cu layer
[board_modifier.py:539]: Netclass: Default, track width: 200000
[board_modifier.py:601]: Routing pad 'D10:1' at (66650000, 77850000) with pad 'D11:1' at (85700000, 77850000) using coordinate system rotated by 0 degree(s)
[board_modifier.py:445]: Adding track segment (F.Cu): [(66650000, 77850000), (85700000, 77850000)]
[board_modifier.py:455]: Could not add track segment due to detected collision
[board_modifier.py:522]: Routing at F.Cu layer
[board_modifier.py:539]: Netclass: Default, track width: 200000
[board_modifier.py:601]: Routing pad 'D11:1' at (85700000, 77850000) with pad 'D12:1' at (104750000, 77850000) using coordinate system rotated by 0 degree(s)
[board_modifier.py:445]: Adding track segment (F.Cu): [(85700000, 77850000), (104750000, 77850000)]
[board_modifier.py:455]: Could not add track segment due to detected collision
[board_modifier.py:522]: Routing at F.Cu layer
[board_modifier.py:539]: Netclass: Default, track width: 200000
[board_modifier.py:601]: Routing pad 'D12:1' at (104750000, 77850000) with pad 'J4:3' at (115000000, 60505000) using coordinate system rotated by 0 degree(s)
[board_modifier.py:445]: Adding track segment (F.Cu): [(104750000, 77850000), (104750000, 70755000)]
[board_modifier.py:455]: Could not add track segment due to detected collision
[board_modifier.py:445]: Adding track segment (F.Cu): [(104750000, 77850000), (115000000, 67600000)]
[board_modifier.py:450]: Track added
[board_modifier.py:445]: Adding track segment (F.Cu): [(115000000, 67600000), (115000000, 60505000)]
[board_modifier.py:455]: Could not add track segment due to detected collision
[key_placer.py:819]: Routing KC2 pads
[board_modifier.py:522]: Routing at F.Cu layer
[board_modifier.py:539]: Netclass: Default, track width: 200000
[board_modifier.py:601]: Routing pad 'S3:1' at (72390000, 35560000) with pad 'S7:1' at (72390000, 54610000) using coordinate system rotated by 0 degree(s)
[board_modifier.py:445]: Adding track segment (F.Cu): [(72390000, 35560000), (72390000, 54610000)]
[board_modifier.py:450]: Track added
[board_modifier.py:522]: Routing at F.Cu layer
[board_modifier.py:539]: Netclass: Default, track width: 200000
[board_modifier.py:601]: Routing pad 'S7:1' at (72390000, 54610000) with pad 'S11:1' at (72390000, 73660000) using coordinate system rotated by 0 degree(s)
[board_modifier.py:445]: Adding track segment (F.Cu): [(72390000, 54610000), (72390000, 73660000)]
[board_modifier.py:450]: Track added
[board_modifier.py:522]: Routing at F.Cu layer
[board_modifier.py:539]: Netclass: Default, track width: 200000
[board_modifier.py:601]: Routing pad 'S11:1' at (72390000, 73660000) with pad 'S15:1' at (72390000, 92710000) using coordinate system rotated by 0 degree(s)
[board_modifier.py:445]: Adding track segment (F.Cu): [(72390000, 73660000), (72390000, 92710000)]
[board_modifier.py:450]: Track added
[board_modifier.py:522]: Routing at F.Cu layer
[board_modifier.py:539]: Netclass: Default, track width: 200000
[board_modifier.py:601]: Routing pad 'S15:1' at (72390000, 92710000) with pad 'S19:1' at (72390000, 111760000) using coordinate system rotated by 0 degree(s)
[board_modifier.py:445]: Adding track segment (F.Cu): [(72390000, 92710000), (72390000, 111760000)]
[board_modifier.py:450]: Track added
[board_modifier.py:522]: Routing at F.Cu layer
[board_modifier.py:539]: Netclass: Default, track width: 200000
[board_modifier.py:601]: Routing pad 'S7:1' at (72390000, 54610000) with pad 'J5:3' at (115000000, 46080000) using coordinate system rotated by 0 degree(s)
[board_modifier.py:445]: Adding track segment (F.Cu): [(72390000, 54610000), (106470000, 54610000)]
[board_modifier.py:455]: Could not add track segment due to detected collision
[board_modifier.py:445]: Adding track segment (F.Cu): [(72390000, 54610000), (80920000, 46080000)]
[board_modifier.py:450]: Track added
[board_modifier.py:445]: Adding track segment (F.Cu): [(80920000, 46080000), (115000000, 46080000)]
[board_modifier.py:455]: Could not add track segment due to detected collision
[key_placer.py:819]: Routing KC1 pads
[board_modifier.py:522]: Routing at F.Cu layer
[board_modifier.py:539]: Netclass: Default, track width: 200000
[board_modifier.py:601]: Routing pad 'S2:1' at (53340000, 35560000) with pad 'S6:1' at (53340000, 54610000) using coordinate system rotated by 0 degree(s)
[board_modifier.py:445]: Adding track segment (F.Cu): [(53340000, 35560000), (53340000, 54610000)]
[board_modifier.py:450]: Track added
[board_modifier.py:522]: Routing at F.Cu layer
[board_modifier.py:539]: Netclass: Default, track width: 200000
[board_modifier.py:601]: Routing pad 'S6:1' at (53340000, 54610000) with pad 'S10:1' at (53340000, 73660000) using coordinate system rotated by 0 degree(s)
[board_modifier.py:445]: Adding track segment (F.Cu): [(53340000, 54610000), (53340000, 73660000)]
[board_modifier.py:450]: Track added
[board_modifier.py:522]: Routing at F.Cu layer
[board_modifier.py:539]: Netclass: Default, track width: 200000
[board_modifier.py:601]: Routing pad 'S10:1' at (53340000, 73660000) with pad 'S14:1' at (53340000, 92710000) using coordinate system rotated by 0 degree(s)
[board_modifier.py:445]: Adding track segment (F.Cu): [(53340000, 73660000), (53340000, 92710000)]
[board_modifier.py:450]: Track added
[board_modifier.py:522]: Routing at F.Cu layer
[board_modifier.py:539]: Netclass: Default, track width: 200000
[board_modifier.py:601]: Routing pad 'S14:1' at (53340000, 92710000) with pad 'S18:1' at (53340000, 111760000) using coordinate system rotated by 0 degree(s)
[board_modifier.py:445]: Adding track segment (F.Cu): [(53340000, 92710000), (53340000, 111760000)]
[board_modifier.py:450]: Track added
[board_modifier.py:522]: Routing at F.Cu layer
[board_modifier.py:539]: Netclass: Default, track width: 200000
[board_modifier.py:601]: Routing pad 'S2:1' at (53340000, 35560000) with pad 'J5:2' at (115000000, 43540000) using coordinate system rotated by 0 degree(s)
[board_modifier.py:445]: Adding track segment (F.Cu): [(53340000, 35560000), (107020000, 35560000)]
[board_modifier.py:455]: Could not add track segment due to detected collision
[board_modifier.py:445]: Adding track segment (F.Cu): [(53340000, 35560000), (61320000, 43540000)]
[board_modifier.py:455]: Could not add track segment due to detected collision
[key_placer.py:819]: Routing KR3 pads
[board_modifier.py:522]: Routing at F.Cu layer
[board_modifier.py:539]: Netclass: Default, track width: 200000
[board_modifier.py:601]: Routing pad 'D13:1' at (47600000, 96900000) with pad 'D14:1' at (66650000, 96900000) using coordinate system rotated by 0 degree(s)
[board_modifier.py:445]: Adding track segment (F.Cu): [(47600000, 96900000), (66650000, 96900000)]
[board_modifier.py:455]: Could not add track segment due to detected collision
[board_modifier.py:522]: Routing at F.Cu layer
[board_modifier.py:539]: Netclass: Default, track width: 200000
[board_modifier.py:601]: Routing pad 'D14:1' at (66650000, 96900000) with pad 'D15:1' at (85700000, 96900000) using coordinate system rotated by 0 degree(s)
[board_modifier.py:445]: Adding track segment (F.Cu): [(66650000, 96900000), (85700000, 96900000)]
[board_modifier.py:455]: Could not add track segment due to detected collision
[board_modifier.py:522]: Routing at F.Cu layer
[board_modifier.py:539]: Netclass: Default, track width: 200000
[board_modifier.py:601]: Routing pad 'D15:1' at (85700000, 96900000) with pad 'D16:1' at (104750000, 96900000) using coordinate system rotated by 0 degree(s)
[board_modifier.py:445]: Adding track segment (F.Cu): [(85700000, 96900000), (104750000, 96900000)]
[board_modifier.py:455]: Could not add track segment due to detected collision
[board_modifier.py:522]: Routing at F.Cu layer
[board_modifier.py:539]: Netclass: Default, track width: 200000
[board_modifier.py:601]: Routing pad 'D16:1' at (104750000, 96900000) with pad 'J4:4' at (115000000, 63045000) using coordinate system rotated by 0 degree(s)
[board_modifier.py:445]: Adding track segment (F.Cu): [(104750000, 96900000), (104750000, 73295000)]
[board_modifier.py:455]: Could not add track segment due to detected collision
[board_modifier.py:445]: Adding track segment (F.Cu): [(104750000, 96900000), (115000000, 86650000)]
[board_modifier.py:455]: Could not add track segment due to detected collision
[key_placer.py:819]: Routing KC0 pads
[board_modifier.py:522]: Routing at F.Cu layer
[board_modifier.py:539]: Netclass: Default, track width: 200000
[board_modifier.py:601]: Routing pad 'S1:1' at (34290000, 35560000) with pad 'S5:1' at (34290000, 54610000) using coordinate system rotated by 0 degree(s)
[board_modifier.py:445]: Adding track segment (F.Cu): [(34290000, 35560000), (34290000, 54610000)]
[board_modifier.py:450]: Track added
[board_modifier.py:522]: Routing at F.Cu layer
[board_modifier.py:539]: Netclass: Default, track width: 200000
[board_modifier.py:601]: Routing pad 'S5:1' at (34290000, 54610000) with pad 'S9:1' at (34290000, 73660000) using coordinate system rotated by 0 degree(s)
[board_modifier.py:445]: Adding track segment (F.Cu): [(34290000, 54610000), (34290000, 73660000)]
[board_modifier.py:450]: Track added
[board_modifier.py:522]: Routing at F.Cu layer
[board_modifier.py:539]: Netclass: Default, track width: 200000
[board_modifier.py:601]: Routing pad 'S9:1' at (34290000, 73660000) with pad 'S13:1' at (34290000, 92710000) using coordinate system rotated by 0 degree(s)
[board_modifier.py:445]: Adding track segment (F.Cu): [(34290000, 73660000), (34290000, 92710000)]
[board_modifier.py:450]: Track added
[board_modifier.py:522]: Routing at F.Cu layer
[board_modifier.py:539]: Netclass: Default, track width: 200000
[board_modifier.py:601]: Routing pad 'S13:1' at (34290000, 92710000) with pad 'S17:1' at (34290000, 111760000) using coordinate system rotated by 0 degree(s)
[board_modifier.py:445]: Adding track segment (F.Cu): [(34290000, 92710000), (34290000, 111760000)]
[board_modifier.py:450]: Track added
[board_modifier.py:522]: Routing at F.Cu layer
[board_modifier.py:539]: Netclass: Default, track width: 200000
[board_modifier.py:601]: Routing pad 'S1:1' at (34290000, 35560000) with pad 'J5:1' at (115000000, 41000000) using coordinate system rotated by 0 degree(s)
[board_modifier.py:445]: Adding track segment (F.Cu): [(34290000, 35560000), (109560000, 35560000)]
[board_modifier.py:455]: Could not add track segment due to detected collision
[board_modifier.py:445]: Adding track segment (F.Cu): [(34290000, 35560000), (39730000, 41000000)]
[board_modifier.py:455]: Could not add track segment due to detected collision
[key_placer.py:819]: Routing KR1 pads
[board_modifier.py:522]: Routing at F.Cu layer
[board_modifier.py:539]: Netclass: Default, track width: 200000
[board_modifier.py:601]: Routing pad 'D5:1' at (47600000, 58800000) with pad 'D6:1' at (66650000, 58800000) using coordinate system rotated by 0 degree(s)
[board_modifier.py:445]: Adding track segment (F.Cu): [(47600000, 58800000), (66650000, 58800000)]
[board_modifier.py:455]: Could not add track segment due to detected collision
[board_modifier.py:522]: Routing at F.Cu layer
[board_modifier.py:539]: Netclass: Default, track width: 200000
[board_modifier.py:601]: Routing pad 'D6:1' at (66650000, 58800000) with pad 'D7:1' at (85700000, 58800000) using coordinate system rotated by 0 degree(s)
[board_modifier.py:445]: Adding track segment (F.Cu): [(66650000, 58800000), (85700000, 58800000)]
[board_modifier.py:455]: Could not add track segment due to detected collision
[board_modifier.py:522]: Routing at F.Cu layer
[board_modifier.py:539]: Netclass: Default, track width: 200000
[board_modifier.py:601]: Routing pad 'D7:1' at (85700000, 58800000) with pad 'D8:1' at (104750000, 58800000) using coordinate system rotated by 0 degree(s)
[board_modifier.py:445]: Adding track segment (F.Cu): [(85700000, 58800000), (104750000, 58800000)]
[board_modifier.py:455]: Could not add track segment due to detected collision
[board_modifier.py:522]: Routing at F.Cu layer
[board_modifier.py:539]: Netclass: Default, track width: 200000
[board_modifier.py:601]: Routing pad 'D8:1' at (104750000, 58800000) with pad 'J4:2' at (115000000, 57965000) using coordinate system rotated by 0 degree(s)
[board_modifier.py:445]: Adding track segment (F.Cu): [(104750000, 58800000), (114165000, 58800000)]
[board_modifier.py:450]: Track added
[board_modifier.py:445]: Adding track segment (F.Cu): [(114165000, 58800000), (115000000, 57965000)]
[board_modifier.py:450]: Track added
[key_placer.py:819]: Routing KR0 pads
[board_modifier.py:522]: Routing at F.Cu layer
[board_modifier.py:539]: Netclass: Default, track width: 200000
[board_modifier.py:601]: Routing pad 'D1:1' at (47600000, 39750000) with pad 'D2:1' at (66650000, 39750000) using coordinate system rotated by 0 degree(s)
[board_modifier.py:445]: Adding track segment (F.Cu): [(47600000, 39750000), (66650000, 39750000)]
[board_modifier.py:455]: Could not add track segment due to detected collision
[board_modifier.py:522]: Routing at F.Cu layer
[board_modifier.py:539]: Netclass: Default, track width: 200000
[board_modifier.py:601]: Routing pad 'D2:1' at (66650000, 39750000) with pad 'D3:1' at (85700000, 39750000) using coordinate system rotated by 0 degree(s)
[board_modifier.py:445]: Adding track segment (F.Cu): [(66650000, 39750000), (85700000, 39750000)]
[board_modifier.py:455]: Could not add track segment due to detected collision
[board_modifier.py:522]: Routing at F.Cu layer
[board_modifier.py:539]: Netclass: Default, track width: 200000
[board_modifier.py:601]: Routing pad 'D3:1' at (85700000, 39750000) with pad 'D4:1' at (104750000, 39750000) using coordinate system rotated by 0 degree(s)
[board_modifier.py:445]: Adding track segment (F.Cu): [(85700000, 39750000), (104750000, 39750000)]
[board_modifier.py:455]: Could not add track segment due to detected collision
[board_modifier.py:522]: Routing at F.Cu layer
[board_modifier.py:539]: Netclass: Default, track width: 200000
[board_modifier.py:601]: Routing pad 'D4:1' at (104750000, 39750000) with pad 'J4:1' at (115000000, 55425000) using coordinate system rotated by 0 degree(s)
[board_modifier.py:445]: Adding track segment (F.Cu): [(104750000, 39750000), (104750000, 45175000)]
[board_modifier.py:450]: Track added
[board_modifier.py:445]: Adding track segment (F.Cu): [(104750000, 45175000), (115000000, 55425000)]
[board_modifier.py:455]: Could not add track segment due to detected collision
[board_modifier.py:445]: Adding track segment (F.Cu): [(104750000, 39750000), (115000000, 50000000)]
[board_modifier.py:455]: Could not add track segment due to detected collision
[key_placer.py:819]: Routing KR4 pads
[board_modifier.py:522]: Routing at F.Cu layer
[board_modifier.py:539]: Netclass: Default, track width: 200000
[board_modifier.py:601]: Routing pad 'D17:1' at (47600000, 115950000) with pad 'D18:1' at (66650000, 115950000) using coordinate system rotated by 0 degree(s)
[board_modifier.py:445]: Adding track segment (F.Cu): [(47600000, 115950000), (66650000, 115950000)]
[board_modifier.py:455]: Could not add track segment due to detected collision
[board_modifier.py:522]: Routing at F.Cu layer
[board_modifier.py:539]: Netclass: Default, track width: 200000
[board_modifier.py:601]: Routing pad 'D18:1' at (66650000, 115950000) with pad 'D19:1' at (85700000, 115950000) using coordinate system rotated by 0 degree(s)
[board_modifier.py:445]: Adding track segment (F.Cu): [(66650000, 115950000), (85700000, 115950000)]
[board_modifier.py:455]: Could not add track segment due to detected collision
[board_modifier.py:522]: Routing at F.Cu layer
[board_modifier.py:539]: Netclass: Default, track width: 200000
[board_modifier.py:601]: Routing pad 'D19:1' at (85700000, 115950000) with pad 'D20:1' at (104750000, 115950000) using coordinate system rotated by 0 degree(s)
[board_modifier.py:445]: Adding track segment (F.Cu): [(85700000, 115950000), (104750000, 115950000)]
[board_modifier.py:455]: Could not add track segment due to detected collision
[board_modifier.py:522]: Routing at F.Cu layer
[board_modifier.py:539]: Netclass: Default, track width: 200000
[board_modifier.py:601]: Routing pad 'D20:1' at (104750000, 115950000) with pad 'J4:5' at (115000000, 65585000) using coordinate system rotated by 0 degree(s)
[board_modifier.py:445]: Adding track segment (F.Cu): [(104750000, 115950000), (104750000, 75835000)]
[board_modifier.py:455]: Could not add track segment due to detected collision
[board_modifier.py:445]: Adding track segment (F.Cu): [(104750000, 115950000), (115000000, 105700000)]
[board_modifier.py:455]: Could not add track segment due to detected collision
[key_placer.py:457]: Removing dangling tracks
